2020-02-05T00:42:57+00:00 CRITICAL syntax error, unexpected 'if' (T_IF) w /var/www/html/burgers_workon_project/wp-content/themes/workOn/woocommerce/global/quantity-input.php w linii 44

2020-02-05T00:42:59+00:00 CRITICAL syntax error, unexpected 'if' (T_IF) w /var/www/html/burgers_workon_project/wp-content/themes/workOn/woocommerce/global/quantity-input.php w linii 44

2020-02-05T00:43:25+00:00 CRITICAL Uncaught Error: Call to a member function get_id() on null in /var/www/html/burgers_workon_project/wp-content/themes/workOn/woocommerce/global/quantity-input.php:44
Stack trace:
#0 /var/www/html/burgers_workon_project/wp-content/plugins/woocommerce/includes/wc-core-functions.php(249): include()
#1 /var/www/html/burgers_workon_project/wp-content/plugins/woocommerce/includes/wc-template-functions.php(1694): wc_get_template()
#2 /var/www/html/burgers_workon_project/wp-content/themes/workOn/woocommerce/cart/cart.php(117): woocommerce_quantity_input()
#3 /var/www/html/burgers_workon_project/wp-content/plugins/woocommerce/includes/wc-core-functions.php(249): include('/var/www/html/b...')
#4 /var/www/html/burgers_workon_project/wp-content/plugins/woocommerce/includes/shortcodes/class-wc-shortcode-cart.php(97): wc_get_template()
#5 /var/www/html/burgers_workon_project/wp-content/plugins/woocommerce/includes/class-wc-shortcodes.php(72): WC_Shortcode_Cart::output()
#6 /var/www/html/burgers_workon_project/wp-content/plu w /var/www/html/burgers_workon_project/wp-content/themes/workOn/woocommerce/global/quantity-input.php w linii 44

2020-02-05T00:43:28+00:00 CRITICAL Uncaught Error: Call to a member function get_id() on null in /var/www/html/burgers_workon_project/wp-content/themes/workOn/woocommerce/global/quantity-input.php:44
Stack trace:
#0 /var/www/html/burgers_workon_project/wp-content/plugins/woocommerce/includes/wc-core-functions.php(249): include()
#1 /var/www/html/burgers_workon_project/wp-content/plugins/woocommerce/includes/wc-template-functions.php(1694): wc_get_template()
#2 /var/www/html/burgers_workon_project/wp-content/themes/workOn/woocommerce/cart/cart.php(117): woocommerce_quantity_input()
#3 /var/www/html/burgers_workon_project/wp-content/plugins/woocommerce/includes/wc-core-functions.php(249): include('/var/www/html/b...')
#4 /var/www/html/burgers_workon_project/wp-content/plugins/woocommerce/includes/shortcodes/class-wc-shortcode-cart.php(97): wc_get_template()
#5 /var/www/html/burgers_workon_project/wp-content/plugins/woocommerce/includes/class-wc-shortcodes.php(72): WC_Shortcode_Cart::output()
#6 /var/www/html/burgers_workon_project/wp-content/plu w /var/www/html/burgers_workon_project/wp-content/themes/workOn/woocommerce/global/quantity-input.php w linii 44

2020-02-05T00:43:35+00:00 CRITICAL Uncaught Error: Call to a member function get_id() on null in /var/www/html/burgers_workon_project/wp-content/themes/workOn/woocommerce/global/quantity-input.php:44
Stack trace:
#0 /var/www/html/burgers_workon_project/wp-content/plugins/woocommerce/includes/wc-core-functions.php(249): include()
#1 /var/www/html/burgers_workon_project/wp-content/plugins/woocommerce/includes/wc-template-functions.php(1694): wc_get_template()
#2 /var/www/html/burgers_workon_project/wp-content/themes/workOn/woocommerce/cart/cart.php(117): woocommerce_quantity_input()
#3 /var/www/html/burgers_workon_project/wp-content/plugins/woocommerce/includes/wc-core-functions.php(249): include('/var/www/html/b...')
#4 /var/www/html/burgers_workon_project/wp-content/plugins/woocommerce/includes/shortcodes/class-wc-shortcode-cart.php(97): wc_get_template()
#5 /var/www/html/burgers_workon_project/wp-content/plugins/woocommerce/includes/class-wc-shortcodes.php(72): WC_Shortcode_Cart::output()
#6 /var/www/html/burgers_workon_project/wp-content/plu w /var/www/html/burgers_workon_project/wp-content/themes/workOn/woocommerce/global/quantity-input.php w linii 44

